#
# There is insufficient memory for the Java Runtime Environment to continue.
# Native memory allocation (malloc) failed to allocate 1092976 bytes. Error detail: Chunk::new
# Possible reasons:
#   The system is out of physical RAM or swap space
#   This process is running with CompressedOops enabled, and the Java Heap may be blocking the growth of the native heap
# Possible solutions:
#   Reduce memory load on the system
#   Increase physical memory or swap space
#   Check if swap backing store is full
#   Decrease Java heap size (-Xmx/-Xms)
#   Decrease number of Java threads
#   Decrease Java thread stack sizes (-Xss)
#   Set larger code cache with -XX:ReservedCodeCacheSize=
#   JVM is running with Unscaled Compressed Oops mode in which the Java heap is
#     placed in the first 4GB address space. The Java Heap base address is the
#     maximum limit for the native heap growth. Please use -XX:HeapBaseMinAddress
#     to set the Java Heap base and to place the Java Heap above 4GB virtual address.
# This output file may be truncated or incomplete.
#
#  Out of Memory Error (arena.cpp:191), pid=6048, tid=3012
#
# JRE version: OpenJDK Runtime Environment Temurin-17.0.13+11 (17.0.13+11) (build 17.0.13+11)
# Java VM: OpenJDK 64-Bit Server VM Temurin-17.0.13+11 (17.0.13+11, mixed mode, tiered, compressed oops, compressed class ptrs, parallel gc, windows-amd64)
# No core dump will be written. Minidumps are not enabled by default on client versions of Windows
#

---------------  S U M M A R Y ------------

Command Line: --add-modules=ALL-SYSTEM --add-opens=java.base/java.util=ALL-UNNAMED --add-opens=java.base/java.lang=ALL-UNNAMED --add-opens=java.base/sun.nio.fs=ALL-UNNAMED -Declipse.application=org.eclipse.jdt.ls.core.id1 -Dosgi.bundles.defaultStartLevel=4 -Declipse.product=org.eclipse.jdt.ls.core.product -Djava.import.generatesMetadataFilesAtProjectRoot=false -DDetectVMInstallationsJob.disabled=true -Dfile.encoding=utf8 -XX:+UseParallelGC -XX:GCTimeRatio=4 -XX:AdaptiveSizePolicyWeight=90 -Dsun.zip.disableMemoryMapping=true -Xmx1G -Xms100m -Xlog:disable -javaagent:c:\Users\Hello\.vscode\extensions\redhat.java-1.38.0-win32-x64\lombok\lombok-1.18.34.jar -XX:+HeapDumpOnOutOfMemoryError -XX:HeapDumpPath=c:\Users\Hello\AppData\Roaming\Code\User\workspaceStorage\f00198e24cefd6fa2bbb36ad5a338aec\redhat.java -Daether.dependencyCollector.impl=bf c:\Users\Hello\.vscode\extensions\redhat.java-1.38.0-win32-x64\server\plugins\org.eclipse.equinox.launcher_1.6.900.v20240613-2009.jar -configuration c:\Users\Hello\AppData\Roaming\Code\User\globalStorage\redhat.java\1.38.0\config_win -data c:\Users\Hello\AppData\Roaming\Code\User\workspaceStorage\f00198e24cefd6fa2bbb36ad5a338aec\redhat.java\jdt_ws --pipe=\\.\pipe\lsp-11a4e6c1fbb3206787bb6d056fdd6da9-sock

Host: Intel(R) Core(TM) i7-10750H CPU @ 2.60GHz, 12 cores, 15G,  Windows 10 , 64 bit Build 19041 (10.0.19041.5198)
Time: Thu Dec 26 17:43:26 2024 Egypt Standard Time elapsed time: 4.064921 seconds (0d 0h 0m 4s)

---------------  T H R E A D  ---------------

Current thread (0x00000149b0572050):  JavaThread "C2 CompilerThread1" daemon [_thread_in_native, id=3012, stack(0x0000003e5e200000,0x0000003e5e300000)]


Current CompileTask:
C2:   4064 5447   !   4       org.eclipse.osgi.internal.loader.BundleLoader::findClass0 (470 bytes)

Stack: [0x0000003e5e200000,0x0000003e5e300000]
Native frames: (J=compiled Java code, j=interpreted, Vv=VM code, C=native code)
V  [jvm.dll+0x682a19]
V  [jvm.dll+0x839538]
V  [jvm.dll+0x83afe3]
V  [jvm.dll+0x83b653]
V  [jvm.dll+0x24704f]
V  [jvm.dll+0xace34]
V  [jvm.dll+0xad4cc]
V  [jvm.dll+0x2ac84f]
V  [jvm.dll+0x588a79]
V  [jvm.dll+0x220ea2]
V  [jvm.dll+0x22129f]
V  [jvm.dll+0x21a2b0]
V  [jvm.dll+0x21738b]
V  [jvm.dll+0x1a3070]
V  [jvm.dll+0x22788c]
V  [jvm.dll+0x2259eb]
V  [jvm.dll+0x7eec98]
V  [jvm.dll+0x7e8ffc]
V  [jvm.dll+0x6818f7]
C  [ucrtbase.dll+0x21bb2]
C  [KERNEL32.DLL+0x17374]
C  [ntdll.dll+0x4cc91]


---------------  P R O C E S S  ---------------

Threads class SMR info:
_java_thread_list=0x00000149b0d53800, length=52, elements={
0x0000014994e27480, 0x00000149a8c99560, 0x00000149a8c9e5f0, 0x00000149add89160,
0x00000149add89c30, 0x00000149add92730, 0x00000149add96160, 0x00000149add9a310,
0x00000149add9acd0, 0x00000149adda3db0, 0x00000149adec0030, 0x00000149af5ecb30,
0x00000149afb16450, 0x00000149afb17380, 0x00000149afb16960, 0x00000149afb16e70,
0x00000149afb17890, 0x00000149afb15010, 0x00000149afb15520, 0x00000149afb182b0,
0x00000149afb15a30, 0x00000149afb15f40, 0x00000149b06b2b80, 0x00000149b0572050,
0x00000149b08e8db0, 0x00000149b06b1c50, 0x00000149b06b0810, 0x00000149b06b2160,
0x00000149b06ae4a0, 0x00000149b06b1740, 0x00000149b06b3090, 0x00000149b06ae9b0,
0x00000149b06ad060, 0x00000149b06ad570, 0x00000149b06b2670, 0x00000149b06afdf0,
0x00000149b06b0d20, 0x00000149b06b49e0, 0x00000149b06b35a0, 0x00000149b06ada80,
0x00000149b06b3ab0, 0x00000149b06b3fc0, 0x00000149b06b44d0, 0x00000149b06aeec0,
0x00000149b06af3d0, 0x00000149b06af8e0, 0x00000149b06b1230, 0x00000149afb17da0,
0x00000149b3d04fe0, 0x00000149b3d040b0, 0x00000149b3d06420, 0x00000149b3d01830
}

Java Threads: ( => current thread )
  0x0000014994e27480 JavaThread "main" [_thread_blocked, id=13864, stack(0x0000003e5bf00000,0x0000003e5c000000)]
  0x00000149a8c99560 JavaThread "Reference Handler" daemon [_thread_blocked, id=3512, stack(0x0000003e5c200000,0x0000003e5c300000)]
  0x00000149a8c9e5f0 JavaThread "Finalizer" daemon [_thread_blocked, id=3760, stack(0x0000003e5c300000,0x0000003e5c400000)]
  0x00000149add89160 JavaThread "Signal Dispatcher" daemon [_thread_blocked, id=12308, stack(0x0000003e5c400000,0x0000003e5c500000)]
  0x00000149add89c30 JavaThread "Attach Listener" daemon [_thread_blocked, id=3872, stack(0x0000003e5c500000,0x0000003e5c600000)]
  0x00000149add92730 JavaThread "Service Thread" daemon [_thread_blocked, id=9968, stack(0x0000003e5c600000,0x0000003e5c700000)]
  0x00000149add96160 JavaThread "Monitor Deflation Thread" daemon [_thread_blocked, id=8744, stack(0x0000003e5c700000,0x0000003e5c800000)]
  0x00000149add9a310 JavaThread "C2 CompilerThread0" daemon [_thread_in_native, id=5908, stack(0x0000003e5c800000,0x0000003e5c900000)]
  0x00000149add9acd0 JavaThread "C1 CompilerThread0" daemon [_thread_in_native, id=1908, stack(0x0000003e5c900000,0x0000003e5ca00000)]
  0x00000149adda3db0 JavaThread "Sweeper thread" daemon [_thread_blocked, id=11536, stack(0x0000003e5ca00000,0x0000003e5cb00000)]
  0x00000149adec0030 JavaThread "Common-Cleaner" daemon [_thread_blocked, id=16680, stack(0x0000003e5cb00000,0x0000003e5cc00000)]
  0x00000149af5ecb30 JavaThread "Notification Thread" daemon [_thread_blocked, id=20252, stack(0x0000003e5cd00000,0x0000003e5ce00000)]
  0x00000149afb16450 JavaThread "Active Thread: Equinox Container: cf1f6281-10b2-4e3e-a011-7fe611c499ae" [_thread_blocked, id=16368, stack(0x0000003e5d600000,0x0000003e5d700000)]
  0x00000149afb17380 JavaThread "Refresh Thread: Equinox Container: cf1f6281-10b2-4e3e-a011-7fe611c499ae" daemon [_thread_blocked, id=16392, stack(0x0000003e5d700000,0x0000003e5d800000)]
  0x00000149afb16960 JavaThread "Framework Event Dispatcher: Equinox Container: cf1f6281-10b2-4e3e-a011-7fe611c499ae" daemon [_thread_blocked, id=6372, stack(0x0000003e5d800000,0x0000003e5d900000)]
  0x00000149afb16e70 JavaThread "Start Level: Equinox Container: cf1f6281-10b2-4e3e-a011-7fe611c499ae" daemon [_thread_blocked, id=17348, stack(0x0000003e5d900000,0x0000003e5da00000)]
  0x00000149afb17890 JavaThread "Bundle File Closer" daemon [_thread_blocked, id=12800, stack(0x0000003e5db00000,0x0000003e5dc00000)]
  0x00000149afb15010 JavaThread "SCR Component Actor" daemon [_thread_blocked, id=4620, stack(0x0000003e5dd00000,0x0000003e5de00000)]
  0x00000149afb15520 JavaThread "SCR Component Registry" daemon [_thread_blocked, id=2428, stack(0x0000003e5de00000,0x0000003e5df00000)]
  0x00000149afb182b0 JavaThread "Worker-JM" [_thread_blocked, id=4668, stack(0x0000003e5e000000,0x0000003e5e100000)]
  0x00000149afb15a30 JavaThread "JNA Cleaner" daemon [_thread_blocked, id=7900, stack(0x0000003e5cc00000,0x0000003e5cd00000)]
  0x00000149afb15f40 JavaThread "Worker-0" [_thread_blocked, id=9564, stack(0x0000003e5cf00000,0x0000003e5d000000)]
  0x00000149b06b2b80 JavaThread "Worker-1" [_thread_blocked, id=3764, stack(0x0000003e5e100000,0x0000003e5e200000)]
=>0x00000149b0572050 JavaThread "C2 CompilerThread1" daemon [_thread_in_native, id=3012, stack(0x0000003e5e200000,0x0000003e5e300000)]
  0x00000149b08e8db0 JavaThread "C2 CompilerThread2" daemon [_thread_in_native, id=12768, stack(0x0000003e5e300000,0x0000003e5e400000)]
  0x00000149b06b1c50 JavaThread "Java indexing" daemon [_thread_in_Java, id=12044, stack(0x0000003e5e400000,0x0000003e5e500000)]
  0x00000149b06b0810 JavaThread "Thread-2" daemon [_thread_in_native, id=4904, stack(0x0000003e5e700000,0x0000003e5e800000)]
  0x00000149b06b2160 JavaThread "Thread-3" daemon [_thread_in_native, id=17020, stack(0x0000003e5e800000,0x0000003e5e900000)]
  0x00000149b06ae4a0 JavaThread "Thread-4" daemon [_thread_in_native, id=19884, stack(0x0000003e5e900000,0x0000003e5ea00000)]
  0x00000149b06b1740 JavaThread "Thread-5" daemon [_thread_in_native, id=10488, stack(0x0000003e5ea00000,0x0000003e5eb00000)]
  0x00000149b06b3090 JavaThread "Thread-6" daemon [_thread_in_native, id=9208, stack(0x0000003e5eb00000,0x0000003e5ec00000)]
  0x00000149b06ae9b0 JavaThread "Thread-7" daemon [_thread_in_native, id=13068, stack(0x0000003e5ec00000,0x0000003e5ed00000)]
  0x00000149b06ad060 JavaThread "Thread-8" daemon [_thread_in_native, id=5200, stack(0x0000003e5ed00000,0x0000003e5ee00000)]
  0x00000149b06ad570 JavaThread "Thread-9" daemon [_thread_in_native, id=16696, stack(0x0000003e5ee00000,0x0000003e5ef00000)]
  0x00000149b06b2670 JavaThread "Thread-10" daemon [_thread_in_native, id=1500, stack(0x0000003e5ef00000,0x0000003e5f000000)]
  0x00000149b06afdf0 JavaThread "Thread-11" daemon [_thread_in_native, id=20240, stack(0x0000003e5f000000,0x0000003e5f100000)]
  0x00000149b06b0d20 JavaThread "Thread-12" daemon [_thread_in_native, id=18760, stack(0x0000003e5f100000,0x0000003e5f200000)]
  0x00000149b06b49e0 JavaThread "Thread-13" daemon [_thread_in_native, id=4536, stack(0x0000003e5f200000,0x0000003e5f300000)]
  0x00000149b06b35a0 JavaThread "Thread-14" daemon [_thread_in_native, id=18472, stack(0x0000003e5f300000,0x0000003e5f400000)]
  0x00000149b06ada80 JavaThread "pool-2-thread-1" [_thread_blocked, id=12108, stack(0x0000003e5f400000,0x0000003e5f500000)]
  0x00000149b06b3ab0 JavaThread "Worker-2: Java indexing... " [_thread_blocked, id=10624, stack(0x0000003e5f500000,0x0000003e5f600000)]
  0x00000149b06b3fc0 JavaThread "WorkspaceEventsHandler" [_thread_blocked, id=18668, stack(0x0000003e5f600000,0x0000003e5f700000)]
  0x00000149b06b44d0 JavaThread "pool-1-thread-1" [_thread_blocked, id=20028, stack(0x0000003e5f700000,0x0000003e5f800000)]
  0x00000149b06aeec0 JavaThread "Worker-3: Initialize workspace" [_thread_in_Java, id=16180, stack(0x0000003e5f800000,0x0000003e5f900000)]
  0x00000149b06af3d0 JavaThread "LocalFile Deleter" daemon [_thread_blocked, id=11416, stack(0x0000003e5f900000,0x0000003e5fa00000)]
  0x00000149b06af8e0 JavaThread "LocalFile Deleter" daemon [_thread_blocked, id=14156, stack(0x0000003e5fa00000,0x0000003e5fb00000)]
  0x00000149b06b1230 JavaThread "LocalFile Deleter" daemon [_thread_blocked, id=18772, stack(0x0000003e5fb00000,0x0000003e5fc00000)]
  0x00000149afb17da0 JavaThread "LocalFile Deleter" daemon [_thread_blocked, id=3952, stack(0x0000003e5fc00000,0x0000003e5fd00000)]
  0x00000149b3d04fe0 JavaThread "ForkJoinPool.commonPool-worker-1" daemon [_thread_blocked, id=14116, stack(0x0000003e5fd00000,0x0000003e5fe00000)]
  0x00000149b3d040b0 JavaThread "ForkJoinPool.commonPool-worker-2" daemon [_thread_blocked, id=13404, stack(0x0000003e5fe00000,0x0000003e5ff00000)]
  0x00000149b3d06420 JavaThread "ForkJoinPool.commonPool-worker-3" daemon [_thread_blocked, id=3328, stack(0x0000003e5ff00000,0x0000003e60000000)]
  0x00000149b3d01830 JavaThread "ForkJoinPool.commonPool-worker-4" daemon [_thread_blocked, id=9016, stack(0x0000003e60000000,0x0000003e60100000)]

Other Threads:
  0x00000149add44880 VMThread "VM Thread" [stack: 0x0000003e5c100000,0x0000003e5c200000] [id=7208]
  0x00000149ae0be770 WatcherThread [stack: 0x0000003e5ce00000,0x0000003e5cf00000] [id=11600]
  0x0000014994e3b5b0 GCTaskThread "GC Thread#0" [stack: 0x0000003e5c000000,0x0000003e5c100000] [id=4652]
  0x00000149afbaff50 GCTaskThread "GC Thread#1" [stack: 0x0000003e5d000000,0x0000003e5d100000] [id=6044]
  0x00000149af93d930 GCTaskThread "GC Thread#2" [stack: 0x0000003e5d100000,0x0000003e5d200000] [id=15268]
  0x00000149af93dbf0 GCTaskThread "GC Thread#3" [stack: 0x0000003e5d200000,0x0000003e5d300000] [id=10320]
  0x00000149af93deb0 GCTaskThread "GC Thread#4" [stack: 0x0000003e5d300000,0x0000003e5d400000] [id=15792]
  0x00000149affdf2d0 GCTaskThread "GC Thread#5" [stack: 0x0000003e5d400000,0x0000003e5d500000] [id=16856]
  0x00000149affdf590 GCTaskThread "GC Thread#6" [stack: 0x0000003e5d500000,0x0000003e5d600000] [id=16772]
  0x00000149affbbb30 GCTaskThread "GC Thread#7" [stack: 0x0000003e5da00000,0x0000003e5db00000] [id=3484]
  0x00000149b02aa9e0 GCTaskThread "GC Thread#8" [stack: 0x0000003e5dc00000,0x0000003e5dd00000] [id=10784]
  0x00000149b02aaf60 GCTaskThread "GC Thread#9" [stack: 0x0000003e5df00000,0x0000003e5e000000] [id=8876]

Threads with active compile tasks:
C2 CompilerThread0     4097 6587   !   4       org.eclipse.jdt.internal.core.search.indexing.BinaryIndexer::indexDocument (1157 bytes)
C2 CompilerThread1     4097 5447   !   4       org.eclipse.osgi.internal.loader.BundleLoader::findClass0 (470 bytes)
C2 CompilerThread2     4097 6864   !   4       sun.nio.fs.WindowsPath::initOffsets (153 bytes)

VM state: not at safepoint (normal execution)

VM Mutex/Monitor currently owned by a thread: None

Heap address: 0x00000000c0000000, size: 1024 MB, Compressed Oops mode: 32-bit

CDS archive(s) not mapped
Compressed class space mapped at: 0x0000000100000000-0x0000000140000000, reserved size: 1073741824
Narrow klass base: 0x0000000000000000, Narrow klass shift: 3, Narrow klass range: 0x140000000

GC Precious Log:
 CPUs: 12 total, 12 available
 Memory: 16185M
 Large Page Support: Disabled
 NUMA Support: Disabled
 Compressed Oops: Enabled (32-bit)
 Alignments: Space 512K, Generation 512K, Heap 2M
 Heap Min Capacity: 100M
 Heap Initial Capacity: 100M
 Heap Max Capacity: 1G
 Pre-touch: Disabled
 Parallel Workers: 10

Heap:
 PSYoungGen      total 14848K, used 2955K [0x00000000eab00000, 0x00000000ebb80000, 0x0000000100000000)
  eden space 13312K, 11% used [0x00000000eab00000,0x00000000eac8ae08,0x00000000eb800000)
  from space 1536K, 89% used [0x00000000eba00000,0x00000000ebb58000,0x00000000ebb80000)
  to   space 1536K, 0% used [0x00000000eb880000,0x00000000eb880000,0x00000000eba00000)
 ParOldGen       total 93696K, used 78263K [0x00000000c0000000, 0x00000000c5b80000, 0x00000000eab00000)
  object space 93696K, 83% used [0x00000000c0000000,0x00000000c4c6de00,0x00000000c5b80000)
 Metaspace       used 59565K, committed 60608K, reserved 1114112K
  class space    used 6445K, committed 6912K, reserved 1048576K

Card table byte_map: [0x00000149947c0000,0x00000149949d0000] _byte_map_base: 0x00000149941c0000

Marking Bits: (ParMarkBitMap*) 0x00007ffa77746940
 Begin Bits: [0x00000149a6aa0000, 0x00000149a7aa0000)
 End Bits:   [0x00000149a7aa0000, 0x00000149a8aa0000)

Polling page: 0x0000014992e00000

Metaspace:

Usage:
  Non-class:     51.88 MB used.
      Class:      6.29 MB used.
       Both:     58.17 MB used.

Virtual space:
  Non-class space:       64.00 MB reserved,      52.44 MB ( 82%) committed,  1 nodes.
      Class space:        1.00 GB reserved,       6.75 MB ( <1%) committed,  1 nodes.
             Both:        1.06 GB reserved,      59.19 MB (  5%) committed. 

Chunk freelists:
   Non-Class:  11.38 MB
       Class:  9.28 MB
        Both:  20.66 MB

MaxMetaspaceSize: unlimited
CompressedClassSpaceSize: 1.00 GB
Initial GC threshold: 21.00 MB
Current GC threshold: 95.44 MB
CDS: off
MetaspaceReclaimPolicy: balanced
 - commit_granule_bytes: 65536.
 - commit_granule_words: 8192.
 - virtual_space_node_default_size: 8388608.
 - enlarge_chunks_in_place: 1.
 - new_chunks_are_fully_committed: 0.
 - uncommit_free_chunks: 1.
 - use_allocation_guard: 0.
 - handle_deallocations: 1.


Internal statistics:

num_allocs_failed_limit: 6.
num_arena_births: 776.
num_arena_deaths: 14.
num_vsnodes_births: 2.
num_vsnodes_deaths: 0.
num_space_committed: 947.
num_space_uncommitted: 0.
num_chunks_returned_to_freelist: 20.
num_chunks_taken_from_freelist: 3167.
num_chunk_merges: 11.
num_chunk_splits: 1959.
num_chunks_enlarged: 1121.
num_inconsistent_stats: 0.

CodeHeap 'non-profiled nmethods': size=120000Kb used=3066Kb max_used=3066Kb free=116933Kb
 bounds [0x000001499f570000, 0x000001499f870000, 0x00000149a6aa0000]
CodeHeap 'profiled nmethods': size=120000Kb used=11692Kb max_used=11692Kb free=108307Kb
 bounds [0x0000014997aa0000, 0x0000014998610000, 0x000001499efd0000]
CodeHeap 'non-nmethods': size=5760Kb used=1329Kb max_used=1430Kb free=4430Kb
 bounds [0x000001499efd0000, 0x000001499f240000, 0x000001499f570000]
 total_blobs=6676 nmethods=6005 adapters=583
 compilation: enabled
              stopped_count=0, restarted_count=0
 full_count=0

Compilation events (20 events):
Event: 4.058 Thread 0x00000149add9acd0 nmethod 6813 0x00000149985e4a10 code [0x00000149985e4bc0, 0x00000149985e4dd8]
Event: 4.058 Thread 0x00000149add9acd0 6814       2       java.util.ArrayList::hashCode (22 bytes)
Event: 4.058 Thread 0x00000149add9acd0 nmethod 6814 0x00000149985e4f90 code [0x00000149985e5140, 0x00000149985e5338]
Event: 4.058 Thread 0x00000149add9acd0 6815       2       java.util.Arrays::copyOfRange (11 bytes)
Event: 4.058 Thread 0x00000149add9acd0 nmethod 6815 0x00000149985e5490 code [0x00000149985e5620, 0x00000149985e5728]
Event: 4.058 Thread 0x00000149add9acd0 6818       2       sun.nio.fs.WindowsPath::startsWith (105 bytes)
Event: 4.060 Thread 0x00000149add9acd0 nmethod 6818 0x00000149985e5810 code [0x00000149985e5a40, 0x00000149985e5f88]
Event: 4.060 Thread 0x00000149add9acd0 6822 %     3       org.eclipse.jdt.internal.core.util.Util::splitOn @ 78 (134 bytes)
Event: 4.060 Thread 0x00000149b08e8db0 nmethod 6765 0x000001499f868410 code [0x000001499f868620, 0x000001499f869bf8]
Event: 4.060 Thread 0x00000149b08e8db0 6790       4       org.eclipse.jdt.internal.core.search.matching.MethodDeclarationPattern::encodeExtraFlags (49 bytes)
Event: 4.060 Thread 0x00000149b08e8db0 nmethod 6790 0x000001499f86a910 code [0x000001499f86aa80, 0x000001499f86ab38]
Event: 4.060 Thread 0x00000149b08e8db0 6751       4       java.util.zip.ZipFile$ZipFileInputStream::initDataOffset (117 bytes)
Event: 4.061 Thread 0x00000149add9acd0 nmethod 6822% 0x00000149985e6390 code [0x00000149985e6680, 0x00000149985e7b78]
Event: 4.061 Thread 0x00000149add9acd0 6819       2       org.eclipse.jdt.internal.core.JarPackageFragmentRoot::initRawPackageInfo (292 bytes)
Event: 4.063 Thread 0x00000149add9acd0 nmethod 6819 0x00000149985e8490 code [0x00000149985e87c0, 0x00000149985e9598]
Event: 4.063 Thread 0x00000149add9acd0 6816       2       org.eclipse.jdt.internal.compiler.impl.CompilerOptions::versionFromJdkLevel (204 bytes)
Event: 4.063 Thread 0x00000149add9acd0 nmethod 6816 0x0000014997b13d10 code [0x0000014997b13f20, 0x0000014997b143e8]
Event: 4.063 Thread 0x00000149add9acd0 6817   !   2       org.eclipse.jdt.internal.core.util.Util::getEntryName (77 bytes)
Event: 4.063 Thread 0x00000149add9acd0 nmethod 6817 0x00000149985ea090 code [0x00000149985ea2c0, 0x00000149985ea8d8]
Event: 4.063 Thread 0x00000149add9acd0 6821       2       java.util.ArrayList::equals (62 bytes)

GC Heap History (20 events):
Event: 3.701 GC heap before
{Heap before GC invocations=39 (full 2):
 PSYoungGen      total 16896K, used 16896K [0x00000000eab00000, 0x00000000ec280000, 0x0000000100000000)
  eden space 15360K, 100% used [0x00000000eab00000,0x00000000eba00000,0x00000000eba00000)
  from space 1536K, 100% used [0x00000000ebe00000,0x00000000ebf80000,0x00000000ebf80000)
  to   space 4096K, 0% used [0x00000000eba00000,0x00000000eba00000,0x00000000ebe00000)
 ParOldGen       total 68608K, used 65198K [0x00000000c0000000, 0x00000000c4300000, 0x00000000eab00000)
  object space 68608K, 95% used [0x00000000c0000000,0x00000000c3fab848,0x00000000c4300000)
 Metaspace       used 57051K, committed 58048K, reserved 1114112K
  class space    used 6162K, committed 6592K, reserved 1048576K
}
Event: 3.704 GC heap after
{Heap after GC invocations=39 (full 2):
 PSYoungGen      total 18944K, used 3456K [0x00000000eab00000, 0x00000000ec100000, 0x0000000100000000)
  eden space 15360K, 0% used [0x00000000eab00000,0x00000000eab00000,0x00000000eba00000)
  from space 3584K, 96% used [0x00000000eba00000,0x00000000ebd60008,0x00000000ebd80000)
  to   space 3584K, 0% used [0x00000000ebd80000,0x00000000ebd80000,0x00000000ec100000)
 ParOldGen       total 68608K, used 66646K [0x00000000c0000000, 0x00000000c4300000, 0x00000000eab00000)
  object space 68608K, 97% used [0x00000000c0000000,0x00000000c4115848,0x00000000c4300000)
 Metaspace       used 57051K, committed 58048K, reserved 1114112K
  class space    used 6162K, committed 6592K, reserved 1048576K
}
Event: 3.732 GC heap before
{Heap before GC invocations=40 (full 2):
 PSYoungGen      total 18944K, used 18816K [0x00000000eab00000, 0x00000000ec100000, 0x0000000100000000)
  eden space 15360K, 100% used [0x00000000eab00000,0x00000000eba00000,0x00000000eba00000)
  from space 3584K, 96% used [0x00000000eba00000,0x00000000ebd60008,0x00000000ebd80000)
  to   space 3584K, 0% used [0x00000000ebd80000,0x00000000ebd80000,0x00000000ec100000)
 ParOldGen       total 68608K, used 66646K [0x00000000c0000000, 0x00000000c4300000, 0x00000000eab00000)
  object space 68608K, 97% used [0x00000000c0000000,0x00000000c4115848,0x00000000c4300000)
 Metaspace       used 57363K, committed 58432K, reserved 1114112K
  class space    used 6194K, committed 6656K, reserved 1048576K
}
Event: 3.736 GC heap after
{Heap after GC invocations=40 (full 2):
 PSYoungGen      total 17920K, used 2208K [0x00000000eab00000, 0x00000000ec000000, 0x0000000100000000)
  eden space 15360K, 0% used [0x00000000eab00000,0x00000000eab00000,0x00000000eba00000)
  from space 2560K, 86% used [0x00000000ebd80000,0x00000000ebfa8000,0x00000000ec000000)
  to   space 3072K, 0% used [0x00000000eba00000,0x00000000eba00000,0x00000000ebd00000)
 ParOldGen       total 70656K, used 69798K [0x00000000c0000000, 0x00000000c4500000, 0x00000000eab00000)
  object space 70656K, 98% used [0x00000000c0000000,0x00000000c4429850,0x00000000c4500000)
 Metaspace       used 57363K, committed 58432K, reserved 1114112K
  class space    used 6194K, committed 6656K, reserved 1048576K
}
Event: 3.768 GC heap before
{Heap before GC invocations=41 (full 3):
 PSYoungGen      total 17920K, used 17568K [0x00000000eab00000, 0x00000000ec000000, 0x0000000100000000)
  eden space 15360K, 100% used [0x00000000eab00000,0x00000000eba00000,0x00000000eba00000)
  from space 2560K, 86% used [0x00000000ebd80000,0x00000000ebfa8000,0x00000000ec000000)
  to   space 3072K, 0% used [0x00000000eba00000,0x00000000eba00000,0x00000000ebd00000)
 ParOldGen       total 70656K, used 69798K [0x00000000c0000000, 0x00000000c4500000, 0x00000000eab00000)
  object space 70656K, 98% used [0x00000000c0000000,0x00000000c4429850,0x00000000c4500000)
 Metaspace       used 57483K, committed 58624K, reserved 1114112K
  class space    used 6216K, committed 6720K, reserved 1048576K
}
Event: 3.829 GC heap after
{Heap after GC invocations=41 (full 3):
 PSYoungGen      total 18432K, used 0K [0x00000000eab00000, 0x00000000ec000000, 0x0000000100000000)
  eden space 15360K, 0% used [0x00000000eab00000,0x00000000eab00000,0x00000000eba00000)
  from space 3072K, 0% used [0x00000000eba00000,0x00000000eba00000,0x00000000ebd00000)
  to   space 3072K, 0% used [0x00000000ebd00000,0x00000000ebd00000,0x00000000ec000000)
 ParOldGen       total 93696K, used 65098K [0x00000000c0000000, 0x00000000c5b80000, 0x00000000eab00000)
  object space 93696K, 69% used [0x00000000c0000000,0x00000000c3f92ac0,0x00000000c5b80000)
 Metaspace       used 57483K, committed 58624K, reserved 1114112K
  class space    used 6216K, committed 6720K, reserved 1048576K
}
Event: 3.857 GC heap before
{Heap before GC invocations=42 (full 3):
 PSYoungGen      total 18432K, used 15360K [0x00000000eab00000, 0x00000000ec000000, 0x0000000100000000)
  eden space 15360K, 100% used [0x00000000eab00000,0x00000000eba00000,0x00000000eba00000)
  from space 3072K, 0% used [0x00000000eba00000,0x00000000eba00000,0x00000000ebd00000)
  to   space 3072K, 0% used [0x00000000ebd00000,0x00000000ebd00000,0x00000000ec000000)
 ParOldGen       total 93696K, used 65098K [0x00000000c0000000, 0x00000000c5b80000, 0x00000000eab00000)
  object space 93696K, 69% used [0x00000000c0000000,0x00000000c3f92ac0,0x00000000c5b80000)
 Metaspace       used 57582K, committed 58688K, reserved 1114112K
  class space    used 6229K, committed 6720K, reserved 1048576K
}
Event: 3.858 GC heap after
{Heap after GC invocations=42 (full 3):
 PSYoungGen      total 17920K, used 2208K [0x00000000eab00000, 0x00000000ebf80000, 0x0000000100000000)
  eden space 15360K, 0% used [0x00000000eab00000,0x00000000eab00000,0x00000000eba00000)
  from space 2560K, 86% used [0x00000000ebd00000,0x00000000ebf28000,0x00000000ebf80000)
  to   space 2560K, 0% used [0x00000000eba80000,0x00000000eba80000,0x00000000ebd00000)
 ParOldGen       total 93696K, used 65106K [0x00000000c0000000, 0x00000000c5b80000, 0x00000000eab00000)
  object space 93696K, 69% used [0x00000000c0000000,0x00000000c3f94ac0,0x00000000c5b80000)
 Metaspace       used 57582K, committed 58688K, reserved 1114112K
  class space    used 6229K, committed 6720K, reserved 1048576K
}
Event: 3.884 GC heap before
{Heap before GC invocations=43 (full 3):
 PSYoungGen      total 17920K, used 17568K [0x00000000eab00000, 0x00000000ebf80000, 0x0000000100000000)
  eden space 15360K, 100% used [0x00000000eab00000,0x00000000eba00000,0x00000000eba00000)
  from space 2560K, 86% used [0x00000000ebd00000,0x00000000ebf28000,0x00000000ebf80000)
  to   space 2560K, 0% used [0x00000000eba80000,0x00000000eba80000,0x00000000ebd00000)
 ParOldGen       total 93696K, used 65106K [0x00000000c0000000, 0x00000000c5b80000, 0x00000000eab00000)
  object space 93696K, 69% used [0x00000000c0000000,0x00000000c3f94ac0,0x00000000c5b80000)
 Metaspace       used 57899K, committed 58944K, reserved 1114112K
  class space    used 6273K, committed 6720K, reserved 1048576K
}
Event: 3.886 GC heap after
{Heap after GC invocations=43 (full 3):
 PSYoungGen      total 17408K, used 1920K [0x00000000eab00000, 0x00000000ebe00000, 0x0000000100000000)
  eden space 15360K, 0% used [0x00000000eab00000,0x00000000eab00000,0x00000000eba00000)
  from space 2048K, 93% used [0x00000000eba80000,0x00000000ebc60000,0x00000000ebc80000)
  to   space 1536K, 0% used [0x00000000ebc80000,0x00000000ebc80000,0x00000000ebe00000)
 ParOldGen       total 93696K, used 67066K [0x00000000c0000000, 0x00000000c5b80000, 0x00000000eab00000)
  object space 93696K, 71% used [0x00000000c0000000,0x00000000c417eac0,0x00000000c5b80000)
 Metaspace       used 57899K, committed 58944K, reserved 1114112K
  class space    used 6273K, committed 6720K, reserved 1048576K
}
Event: 3.915 GC heap before
{Heap before GC invocations=44 (full 3):
 PSYoungGen      total 17408K, used 17280K [0x00000000eab00000, 0x00000000ebe00000, 0x0000000100000000)
  eden space 15360K, 100% used [0x00000000eab00000,0x00000000eba00000,0x00000000eba00000)
  from space 2048K, 93% used [0x00000000eba80000,0x00000000ebc60000,0x00000000ebc80000)
  to   space 1536K, 0% used [0x00000000ebc80000,0x00000000ebc80000,0x00000000ebe00000)
 ParOldGen       total 93696K, used 67066K [0x00000000c0000000, 0x00000000c5b80000, 0x00000000eab00000)
  object space 93696K, 71% used [0x00000000c0000000,0x00000000c417eac0,0x00000000c5b80000)
 Metaspace       used 58319K, committed 59392K, reserved 1114112K
  class space    used 6314K, committed 6784K, reserved 1048576K
}
Event: 3.916 GC heap after
{Heap after GC invocations=44 (full 3):
 PSYoungGen      total 14848K, used 1528K [0x00000000eab00000, 0x00000000ec300000, 0x0000000100000000)
  eden space 13312K, 0% used [0x00000000eab00000,0x00000000eab00000,0x00000000eb800000)
  from space 1536K, 99% used [0x00000000ebc80000,0x00000000ebdfe010,0x00000000ebe00000)
  to   space 4608K, 0% used [0x00000000eb800000,0x00000000eb800000,0x00000000ebc80000)
 ParOldGen       total 93696K, used 69362K [0x00000000c0000000, 0x00000000c5b80000, 0x00000000eab00000)
  object space 93696K, 74% used [0x00000000c0000000,0x00000000c43bcac0,0x00000000c5b80000)
 Metaspace       used 58319K, committed 59392K, reserved 1114112K
  class space    used 6314K, committed 6784K, reserved 1048576K
}
Event: 3.944 GC heap before
{Heap before GC invocations=45 (full 3):
 PSYoungGen      total 14848K, used 14840K [0x00000000eab00000, 0x00000000ec300000, 0x0000000100000000)
  eden space 13312K, 100% used [0x00000000eab00000,0x00000000eb800000,0x00000000eb800000)
  from space 1536K, 99% used [0x00000000ebc80000,0x00000000ebdfe010,0x00000000ebe00000)
  to   space 4608K, 0% used [0x00000000eb800000,0x00000000eb800000,0x00000000ebc80000)
 ParOldGen       total 93696K, used 69362K [0x00000000c0000000, 0x00000000c5b80000, 0x00000000eab00000)
  object space 93696K, 74% used [0x00000000c0000000,0x00000000c43bcac0,0x00000000c5b80000)
 Metaspace       used 58427K, committed 59520K, reserved 1114112K
  class space    used 6324K, committed 6784K, reserved 1048576K
}
Event: 3.946 GC heap after
{Heap after GC invocations=45 (full 3):
 PSYoungGen      total 15360K, used 1888K [0x00000000eab00000, 0x00000000ebe00000, 0x0000000100000000)
  eden space 13312K, 0% used [0x00000000eab00000,0x00000000eab00000,0x00000000eb800000)
  from space 2048K, 92% used [0x00000000eb800000,0x00000000eb9d8000,0x00000000eba00000)
  to   space 3072K, 0% used [0x00000000ebb00000,0x00000000ebb00000,0x00000000ebe00000)
 ParOldGen       total 93696K, used 70840K [0x00000000c0000000, 0x00000000c5b80000, 0x00000000eab00000)
  object space 93696K, 75% used [0x00000000c0000000,0x00000000c452e310,0x00000000c5b80000)
 Metaspace       used 58427K, committed 59520K, reserved 1114112K
  class space    used 6324K, committed 6784K, reserved 1048576K
}
Event: 3.970 GC heap before
{Heap before GC invocations=46 (full 3):
 PSYoungGen      total 15360K, used 15200K [0x00000000eab00000, 0x00000000ebe00000, 0x0000000100000000)
  eden space 13312K, 100% used [0x00000000eab00000,0x00000000eb800000,0x00000000eb800000)
  from space 2048K, 92% used [0x00000000eb800000,0x00000000eb9d8000,0x00000000eba00000)
  to   space 3072K, 0% used [0x00000000ebb00000,0x00000000ebb00000,0x00000000ebe00000)
 ParOldGen       total 93696K, used 70840K [0x00000000c0000000, 0x00000000c5b80000, 0x00000000eab00000)
  object space 93696K, 75% used [0x00000000c0000000,0x00000000c452e310,0x00000000c5b80000)
 Metaspace       used 58638K, committed 59712K, reserved 1114112K
  class space    used 6346K, committed 6784K, reserved 1048576K
}
Event: 3.971 GC heap after
{Heap after GC invocations=46 (full 3):
 PSYoungGen      total 15360K, used 1720K [0x00000000eab00000, 0x00000000ebd00000, 0x0000000100000000)
  eden space 13312K, 0% used [0x00000000eab00000,0x00000000eab00000,0x00000000eb800000)
  from space 2048K, 84% used [0x00000000ebb00000,0x00000000ebcae1a8,0x00000000ebd00000)
  to   space 2048K, 0% used [0x00000000eb800000,0x00000000eb800000,0x00000000eba00000)
 ParOldGen       total 93696K, used 72488K [0x00000000c0000000, 0x00000000c5b80000, 0x00000000eab00000)
  object space 93696K, 77% used [0x00000000c0000000,0x00000000c46ca310,0x00000000c5b80000)
 Metaspace       used 58638K, committed 59712K, reserved 1114112K
  class space    used 6346K, committed 6784K, reserved 1048576K
}
Event: 3.996 GC heap before
{Heap before GC invocations=47 (full 3):
 PSYoungGen      total 15360K, used 15032K [0x00000000eab00000, 0x00000000ebd00000, 0x0000000100000000)
  eden space 13312K, 100% used [0x00000000eab00000,0x00000000eb800000,0x00000000eb800000)
  from space 2048K, 84% used [0x00000000ebb00000,0x00000000ebcae1a8,0x00000000ebd00000)
  to   space 2048K, 0% used [0x00000000eb800000,0x00000000eb800000,0x00000000eba00000)
 ParOldGen       total 93696K, used 72488K [0x00000000c0000000, 0x00000000c5b80000, 0x00000000eab00000)
  object space 93696K, 77% used [0x00000000c0000000,0x00000000c46ca310,0x00000000c5b80000)
 Metaspace       used 58861K, committed 59968K, reserved 1114112K
  class space    used 6370K, committed 6848K, reserved 1048576K
}
Event: 3.997 GC heap after
{Heap after GC invocations=47 (full 3):
 PSYoungGen      total 15360K, used 1724K [0x00000000eab00000, 0x00000000ebc00000, 0x0000000100000000)
  eden space 13312K, 0% used [0x00000000eab00000,0x00000000eab00000,0x00000000eb800000)
  from space 2048K, 84% used [0x00000000eb800000,0x00000000eb9af1a0,0x00000000eba00000)
  to   space 2048K, 0% used [0x00000000eba00000,0x00000000eba00000,0x00000000ebc00000)
 ParOldGen       total 93696K, used 74050K [0x00000000c0000000, 0x00000000c5b80000, 0x00000000eab00000)
  object space 93696K, 79% used [0x00000000c0000000,0x00000000c4850bd0,0x00000000c5b80000)
 Metaspace       used 58861K, committed 59968K, reserved 1114112K
  class space    used 6370K, committed 6848K, reserved 1048576K
}
Event: 4.037 GC heap before
{Heap before GC invocations=48 (full 3):
 PSYoungGen      total 15360K, used 15036K [0x00000000eab00000, 0x00000000ebc00000, 0x0000000100000000)
  eden space 13312K, 100% used [0x00000000eab00000,0x00000000eb800000,0x00000000eb800000)
  from space 2048K, 84% used [0x00000000eb800000,0x00000000eb9af1a0,0x00000000eba00000)
  to   space 2048K, 0% used [0x00000000eba00000,0x00000000eba00000,0x00000000ebc00000)
 ParOldGen       total 93696K, used 74050K [0x00000000c0000000, 0x00000000c5b80000, 0x00000000eab00000)
  object space 93696K, 79% used [0x00000000c0000000,0x00000000c4850bd0,0x00000000c5b80000)
 Metaspace       used 59456K, committed 60544K, reserved 1114112K
  class space    used 6434K, committed 6912K, reserved 1048576K
}
Event: 4.039 GC heap after
{Heap after GC invocations=48 (full 3):
 PSYoungGen      total 15360K, used 1680K [0x00000000eab00000, 0x00000000ebc00000, 0x0000000100000000)
  eden space 13312K, 0% used [0x00000000eab00000,0x00000000eab00000,0x00000000eb800000)
  from space 2048K, 82% used [0x00000000eba00000,0x00000000ebba4010,0x00000000ebc00000)
  to   space 2048K, 0% used [0x00000000eb800000,0x00000000eb800000,0x00000000eba00000)
 ParOldGen       total 93696K, used 75506K [0x00000000c0000000, 0x00000000c5b80000, 0x00000000eab00000)
  object space 93696K, 80% used [0x00000000c0000000,0x00000000c49bcbd0,0x00000000c5b80000)
 Metaspace       used 59456K, committed 60544K, reserved 1114112K
  class space    used 6434K, committed 6912K, reserved 1048576K
}

Dll operation events (10 events):
Event: 0.009 Loaded shared library c:\Users\Hello\.vscode\extensions\redhat.java-1.38.0-win32-x64\jre\17.0.13-win32-x86_64\bin\java.dll
Event: 0.118 Loaded shared library c:\Users\Hello\.vscode\extensions\redhat.java-1.38.0-win32-x64\jre\17.0.13-win32-x86_64\bin\zip.dll
Event: 0.119 Loaded shared library C:\Users\Hello\.vscode\extensions\redhat.java-1.38.0-win32-x64\jre\17.0.13-win32-x86_64\bin\instrument.dll
Event: 0.127 Loaded shared library C:\Users\Hello\.vscode\extensions\redhat.java-1.38.0-win32-x64\jre\17.0.13-win32-x86_64\bin\net.dll
Event: 0.128 Loaded shared library C:\Users\Hello\.vscode\extensions\redhat.java-1.38.0-win32-x64\jre\17.0.13-win32-x86_64\bin\nio.dll
Event: 0.132 Loaded shared library C:\Users\Hello\.vscode\extensions\redhat.java-1.38.0-win32-x64\jre\17.0.13-win32-x86_64\bin\zip.dll
Event: 0.141 Loaded shared library C:\Users\Hello\.vscode\extensions\redhat.java-1.38.0-win32-x64\jre\17.0.13-win32-x86_64\bin\jimage.dll
Event: 0.173 Loaded shared library c:\Users\Hello\.vscode\extensions\redhat.java-1.38.0-win32-x64\jre\17.0.13-win32-x86_64\bin\verify.dll
Event: 0.812 Loaded shared library C:\Users\Hello\AppData\Roaming\Code\User\globalStorage\redhat.java\1.38.0\config_win\org.eclipse.equinox.launcher\org.eclipse.equinox.launcher.win32.win32.x86_64_1.2.1100.v20240722-2106\eclipse_11904.dll
Event: 1.709 Loaded shared library C:\Users\Hello\AppData\Local\Temp\jna-69609650\jna13300161671219065036.dll

Deoptimization events (20 events):
Event: 4.053 Thread 0x00000149b06aeec0 DEOPT PACKING pc=0x0000014997d6de64 sp=0x0000003e5f8fe840
Event: 4.053 Thread 0x00000149b06aeec0 DEOPT UNPACKING pc=0x000001499f026e43 sp=0x0000003e5f8fddc0 mode 0
Event: 4.054 Thread 0x00000149b06aeec0 DEOPT PACKING pc=0x0000014997d6de64 sp=0x0000003e5f8fe840
Event: 4.054 Thread 0x00000149b06aeec0 DEOPT UNPACKING pc=0x000001499f026e43 sp=0x0000003e5f8fddc0 mode 0
Event: 4.055 Thread 0x00000149b06aeec0 DEOPT PACKING pc=0x0000014997d6de64 sp=0x0000003e5f8fe840
Event: 4.055 Thread 0x00000149b06aeec0 DEOPT UNPACKING pc=0x000001499f026e43 sp=0x0000003e5f8fddc0 mode 0
Event: 4.057 Thread 0x00000149b06aeec0 DEOPT PACKING pc=0x0000014997d6de64 sp=0x0000003e5f8fe840
Event: 4.057 Thread 0x00000149b06aeec0 DEOPT UNPACKING pc=0x000001499f026e43 sp=0x0000003e5f8fddc0 mode 0
Event: 4.058 Thread 0x00000149b06aeec0 DEOPT PACKING pc=0x0000014997d6de64 sp=0x0000003e5f8fe840
Event: 4.058 Thread 0x00000149b06aeec0 DEOPT UNPACKING pc=0x000001499f026e43 sp=0x0000003e5f8fddc0 mode 0
Event: 4.059 Thread 0x00000149b06aeec0 DEOPT PACKING pc=0x0000014997d6de64 sp=0x0000003e5f8fe840
Event: 4.059 Thread 0x00000149b06aeec0 DEOPT UNPACKING pc=0x000001499f026e43 sp=0x0000003e5f8fddc0 mode 0
Event: 4.060 Thread 0x00000149b06aeec0 DEOPT PACKING pc=0x0000014997d6de64 sp=0x0000003e5f8fe840
Event: 4.060 Thread 0x00000149b06aeec0 DEOPT UNPACKING pc=0x000001499f026e43 sp=0x0000003e5f8fddc0 mode 0
Event: 4.061 Thread 0x00000149b06aeec0 DEOPT PACKING pc=0x0000014997d6de64 sp=0x0000003e5f8fe840
Event: 4.061 Thread 0x00000149b06aeec0 DEOPT UNPACKING pc=0x000001499f026e43 sp=0x0000003e5f8fddc0 mode 0
Event: 4.062 Thread 0x00000149b06aeec0 DEOPT PACKING pc=0x0000014997d6de64 sp=0x0000003e5f8fe840
Event: 4.062 Thread 0x00000149b06aeec0 DEOPT UNPACKING pc=0x000001499f026e43 sp=0x0000003e5f8fddc0 mode 0
Event: 4.063 Thread 0x00000149b06aeec0 DEOPT PACKING pc=0x0000014997d6de64 sp=0x0000003e5f8fe840
Event: 4.063 Thread 0x00000149b06aeec0 DEOPT UNPACKING pc=0x000001499f026e43 sp=0x0000003e5f8fddc0 mode 0

Classes loaded (20 events):
Event: 3.979 Loading class java/util/Collections$SynchronizedList done
Event: 3.979 Loading class java/util/Collections$SynchronizedRandomAccessList done
Event: 3.984 Loading class java/util/concurrent/CompletableFuture$Signaller
Event: 3.984 Loading class java/util/concurrent/CompletableFuture$Signaller done
Event: 4.003 Loading class java/util/Hashtable$KeySet
Event: 4.003 Loading class java/util/Hashtable$KeySet done
Event: 4.009 Loading class java/util/concurrent/CompletableFuture$UniApply
Event: 4.009 Loading class java/util/concurrent/CompletableFuture$UniCompletion
Event: 4.009 Loading class java/util/concurrent/CompletableFuture$UniCompletion done
Event: 4.009 Loading class java/util/concurrent/CompletableFuture$UniApply done
Event: 4.010 Loading class java/util/concurrent/ForkJoinPool$DefaultCommonPoolForkJoinWorkerThreadFactory$1
Event: 4.010 Loading class java/util/concurrent/ForkJoinPool$DefaultCommonPoolForkJoinWorkerThreadFactory$1 done
Event: 4.010 Loading class java/util/concurrent/CompletableFuture$UniAccept
Event: 4.010 Loading class java/util/concurrent/CompletableFuture$UniAccept done
Event: 4.010 Loading class java/util/concurrent/CompletableFuture$UniExceptionally
Event: 4.010 Loading class java/util/HashMap$ValueSpliterator
Event: 4.010 Loading class java/util/concurrent/CompletableFuture$UniExceptionally done
Event: 4.011 Loading class java/util/HashMap$ValueSpliterator done
Event: 4.023 Loading class java/nio/file/InvalidPathException
Event: 4.023 Loading class java/nio/file/InvalidPathException done

Classes unloaded (7 events):
Event: 2.335 Thread 0x00000149add44880 Unloading class 0x000000010025a000 'java/lang/invoke/LambdaForm$MH+0x000000010025a000'
Event: 2.335 Thread 0x00000149add44880 Unloading class 0x0000000100259c00 'java/lang/invoke/LambdaForm$MH+0x0000000100259c00'
Event: 2.335 Thread 0x00000149add44880 Unloading class 0x0000000100259800 'java/lang/invoke/LambdaForm$MH+0x0000000100259800'
Event: 2.335 Thread 0x00000149add44880 Unloading class 0x0000000100259400 'java/lang/invoke/LambdaForm$MH+0x0000000100259400'
Event: 2.335 Thread 0x00000149add44880 Unloading class 0x0000000100259000 'java/lang/invoke/LambdaForm$BMH+0x0000000100259000'
Event: 2.335 Thread 0x00000149add44880 Unloading class 0x0000000100258c00 'java/lang/invoke/LambdaForm$DMH+0x0000000100258c00'
Event: 2.335 Thread 0x00000149add44880 Unloading class 0x0000000100254400 'java/lang/invoke/LambdaForm$DMH+0x0000000100254400'

Classes redefined (0 events):
No events

Internal exceptions (20 events):
Event: 3.961 Thread 0x00000149b06b44d0 Exception <a 'sun/nio/fs/WindowsException'{0x00000000eb32e2f0}> (0x00000000eb32e2f0) 
thrown [s\src\hotspot\share\prims\jni.cpp, line 516]
Event: 3.961 Thread 0x00000149b06b44d0 Exception <a 'sun/nio/fs/WindowsException'{0x00000000eb32ebb0}> (0x00000000eb32ebb0) 
thrown [s\src\hotspot\share\prims\jni.cpp, line 516]
Event: 4.016 Thread 0x00000149b06aeec0 Exception <a 'sun/nio/fs/WindowsException'{0x00000000eb241b48}> (0x00000000eb241b48) 
thrown [s\src\hotspot\share\prims\jni.cpp, line 516]
Event: 4.016 Thread 0x00000149b06aeec0 Exception <a 'sun/nio/fs/WindowsException'{0x00000000eb2421a0}> (0x00000000eb2421a0) 
thrown [s\src\hotspot\share\prims\jni.cpp, line 516]
Event: 4.017 Thread 0x00000149b06aeec0 Exception <a 'sun/nio/fs/WindowsException'{0x00000000eb2434e0}> (0x00000000eb2434e0) 
thrown [s\src\hotspot\share\prims\jni.cpp, line 516]
Event: 4.017 Thread 0x00000149b06aeec0 Exception <a 'sun/nio/fs/WindowsException'{0x00000000eb243b38}> (0x00000000eb243b38) 
thrown [s\src\hotspot\share\prims\jni.cpp, line 516]
Event: 4.023 Thread 0x00000149b06aeec0 Exception <a 'sun/nio/fs/WindowsException'{0x00000000eb3f61b0}> (0x00000000eb3f61b0) 
thrown [s\src\hotspot\share\prims\jni.cpp, line 516]
Event: 4.023 Thread 0x00000149b06aeec0 Exception <a 'sun/nio/fs/WindowsException'{0x00000000eb3f6808}> (0x00000000eb3f6808) 
thrown [s\src\hotspot\share\prims\jni.cpp, line 516]
Event: 4.026 Thread 0x00000149b3d04fe0 Exception <a 'java/lang/NoSuchMethodError'{0x00000000eb4f9a18}: 'java.lang.Object java.lang.invoke.DirectMethodHandle$Holder.invokeInterface(java.lang.Object, java.lang.Object, java.lang.Object)'> (0x00000000eb4f9a18) 
thrown [s\src\hotspot\share\interpreter\linkResolver.cpp, line 759]
Event: 4.034 Thread 0x00000149b06aeec0 Exception <a 'sun/nio/fs/WindowsException'{0x00000000eb70bf20}> (0x00000000eb70bf20) 
thrown [s\src\hotspot\share\prims\jni.cpp, line 516]
Event: 4.035 Thread 0x00000149b06aeec0 Exception <a 'sun/nio/fs/WindowsException'{0x00000000eb70c820}> (0x00000000eb70c820) 
thrown [s\src\hotspot\share\prims\jni.cpp, line 516]
Event: 4.043 Thread 0x00000149b06aeec0 Exception <a 'java/lang/NoSuchMethodError'{0x00000000eac31118}: 'void java.lang.invoke.DirectMethodHandle$Holder.invokeSpecial(java.lang.Object, java.lang.Object, java.lang.Object, java.lang.Object, java.lang.Object)'> (0x00000000eac31118) 
thrown [s\src\hotspot\share\interpreter\linkResolver.cpp, line 759]
Event: 4.045 Thread 0x00000149b3d04fe0 Exception <a 'sun/nio/fs/WindowsException'{0x00000000eacde210}> (0x00000000eacde210) 
thrown [s\src\hotspot\share\prims\jni.cpp, line 516]
Event: 4.045 Thread 0x00000149b3d04fe0 Exception <a 'sun/nio/fs/WindowsException'{0x00000000eacdeb30}> (0x00000000eacdeb30) 
thrown [s\src\hotspot\share\prims\jni.cpp, line 516]
Event: 4.046 Thread 0x00000149b3d04fe0 Exception <a 'sun/nio/fs/WindowsException'{0x00000000eacdfdd8}> (0x00000000eacdfdd8) 
thrown [s\src\hotspot\share\prims\jni.cpp, line 516]
Event: 4.046 Thread 0x00000149b3d04fe0 Exception <a 'sun/nio/fs/WindowsException'{0x00000000eace06d8}> (0x00000000eace06d8) 
thrown [s\src\hotspot\share\prims\jni.cpp, line 516]
Event: 4.046 Thread 0x00000149b3d04fe0 Exception <a 'sun/nio/fs/WindowsException'{0x00000000eace23e0}> (0x00000000eace23e0) 
thrown [s\src\hotspot\share\prims\jni.cpp, line 516]
Event: 4.046 Thread 0x00000149b3d04fe0 Exception <a 'sun/nio/fs/WindowsException'{0x00000000eace2ce0}> (0x00000000eace2ce0) 
thrown [s\src\hotspot\share\prims\jni.cpp, line 516]
Event: 4.050 Thread 0x00000149b3d04fe0 Exception <a 'sun/nio/fs/WindowsException'{0x00000000eaebae38}> (0x00000000eaebae38) 
thrown [s\src\hotspot\share\prims\jni.cpp, line 516]
Event: 4.050 Thread 0x00000149b3d04fe0 Exception <a 'sun/nio/fs/WindowsException'{0x00000000eaebb738}> (0x00000000eaebb738) 
thrown [s\src\hotspot\share\prims\jni.cpp, line 516]

VM Operations (20 events):
Event: 3.915 Executing VM operation: ParallelGCFailedAllocation
Event: 3.916 Executing VM operation: ParallelGCFailedAllocation done
Event: 3.944 Executing VM operation: ParallelGCFailedAllocation
Event: 3.946 Executing VM operation: ParallelGCFailedAllocation done
Event: 3.948 Executing VM operation: HandshakeAllThreads
Event: 3.948 Executing VM operation: HandshakeAllThreads done
Event: 3.969 Executing VM operation: ParallelGCFailedAllocation
Event: 3.971 Executing VM operation: ParallelGCFailedAllocation done
Event: 3.975 Executing VM operation: HandshakeAllThreads
Event: 3.975 Executing VM operation: HandshakeAllThreads done
Event: 3.976 Executing VM operation: HandshakeAllThreads
Event: 3.976 Executing VM operation: HandshakeAllThreads done
Event: 3.996 Executing VM operation: ParallelGCFailedAllocation
Event: 3.997 Executing VM operation: ParallelGCFailedAllocation done
Event: 4.037 Executing VM operation: ParallelGCFailedAllocation
Event: 4.039 Executing VM operation: ParallelGCFailedAllocation done
Event: 4.059 Executing VM operation: HandshakeAllThreads
Event: 4.059 Executing VM operation: HandshakeAllThreads done
Event: 4.060 Executing VM operation: HandshakeAllThreads
Event: 4.060 Executing VM operation: HandshakeAllThreads done

Memory protections (0 events):
No events

Nmethod flushes (20 events):
Event: 3.119 Thread 0x00000149adda3db0 flushing  nmethod 0x0000014998491b10
Event: 3.119 Thread 0x00000149adda3db0 flushing  nmethod 0x0000014998494490
Event: 3.119 Thread 0x00000149adda3db0 flushing  nmethod 0x000001499849f210
Event: 3.119 Thread 0x00000149adda3db0 flushing  nmethod 0x00000149984a3f90
Event: 3.119 Thread 0x00000149adda3db0 flushing  nmethod 0x00000149984cbf90
Event: 3.119 Thread 0x00000149adda3db0 flushing  nmethod 0x00000149984cd410
Event: 3.119 Thread 0x00000149adda3db0 flushing  nmethod 0x00000149984cdb10
Event: 3.119 Thread 0x00000149adda3db0 flushing  nmethod 0x00000149984cf790
Event: 3.119 Thread 0x00000149adda3db0 flushing  nmethod 0x00000149984d0290
Event: 3.119 Thread 0x00000149adda3db0 flushing  nmethod 0x00000149984d1f10
Event: 3.119 Thread 0x00000149adda3db0 flushing  nmethod 0x00000149984d4790
Event: 3.119 Thread 0x00000149adda3db0 flushing  nmethod 0x00000149984d6190
Event: 3.119 Thread 0x00000149adda3db0 flushing  nmethod 0x00000149984d6890
Event: 3.119 Thread 0x00000149adda3db0 flushing  nmethod 0x00000149984e7510
Event: 3.119 Thread 0x00000149adda3db0 flushing  nmethod 0x00000149984f2890
Event: 3.119 Thread 0x00000149adda3db0 flushing  nmethod 0x00000149984f3090
Event: 3.119 Thread 0x00000149adda3db0 flushing  nmethod 0x00000149984f3690
Event: 3.120 Thread 0x00000149adda3db0 flushing  nmethod 0x00000149984fc210
Event: 3.120 Thread 0x00000149adda3db0 flushing  nmethod 0x0000014998506b90
Event: 4.061 Thread 0x00000149adda3db0 flushing  nmethod 0x0000014997b13510

Events (20 events):
Event: 2.516 Thread 0x0000014994e27480 Thread added: 0x00000149b06b0d20
Event: 2.516 Thread 0x0000014994e27480 Thread added: 0x00000149b06b49e0
Event: 2.516 Thread 0x0000014994e27480 Thread added: 0x00000149b06b35a0
Event: 2.531 Thread 0x0000014994e27480 Thread added: 0x00000149b06ada80
Event: 2.562 Thread 0x00000149afb15f40 Thread added: 0x00000149b06b3ab0
Event: 2.656 Thread 0x0000014994e27480 Thread added: 0x00000149b06b3fc0
Event: 2.657 Thread 0x0000014994e27480 Thread added: 0x00000149b06b44d0
Event: 3.239 Thread 0x00000149b06b2b80 Thread added: 0x00000149b06aeec0
Event: 3.428 Thread 0x00000149b06b2b80 Thread added: 0x00000149b06af3d0
Event: 3.429 Thread 0x00000149b06af3d0 Thread added: 0x00000149b06af8e0
Event: 3.430 Thread 0x00000149b06af3d0 Thread added: 0x00000149b06b1230
Event: 3.449 Thread 0x00000149b06af3d0 Thread added: 0x00000149afb17da0
Event: 3.664 Thread 0x00000149b06b2b80 Thread added: 0x00000149b46a4f80
Event: 3.689 Thread 0x00000149b06b2b80 Thread added: 0x00000149b46a8220
Event: 3.696 Thread 0x00000149b46a8220 Thread exited: 0x00000149b46a8220
Event: 3.696 Thread 0x00000149b46a4f80 Thread exited: 0x00000149b46a4f80
Event: 4.010 Thread 0x00000149b06b44d0 Thread added: 0x00000149b3d04fe0
Event: 4.011 Thread 0x00000149b06b44d0 Thread added: 0x00000149b3d040b0
Event: 4.012 Thread 0x00000149b3d040b0 Thread added: 0x00000149b3d06420
Event: 4.012 Thread 0x00000149b3d06420 Thread added: 0x00000149b3d01830


Dynamic libraries:
0x00007ff6b6820000 - 0x00007ff6b682e000 	c:\Users\Hello\.vscode\extensions\redhat.java-1.38.0-win32-x64\jre\17.0.13-win32-x86_64\bin\java.exe
0x00007ffb02870000 - 0x00007ffb02a68000 	C:\WINDOWS\SYSTEM32\ntdll.dll
0x00007ffb01160000 - 0x00007ffb01222000 	C:\WINDOWS\System32\KERNEL32.DLL
0x00007ffb000f0000 - 0x00007ffb003ee000 	C:\WINDOWS\System32\KERNELBASE.dll
0x00007ffb003f0000 - 0x00007ffb004f0000 	C:\WINDOWS\System32\ucrtbase.dll
0x00007ffaeb7a0000 - 0x00007ffaeb7b7000 	c:\Users\Hello\.vscode\extensions\redhat.java-1.38.0-win32-x64\jre\17.0.13-win32-x86_64\bin\jli.dll
0x00007ffaeb780000 - 0x00007ffaeb79e000 	c:\Users\Hello\.vscode\extensions\redhat.java-1.38.0-win32-x64\jre\17.0.13-win32-x86_64\bin\VCRUNTIME140.dll
0x00007ffb02430000 - 0x00007ffb025cd000 	C:\WINDOWS\System32\USER32.dll
0x00007ffae7c10000 - 0x00007ffae7eaa000 	C:\WINDOWS\WinSxS\amd64_microsoft.windows.common-controls_6595b64144ccf1df_6.0.19041.4355_none_60b8b9eb71f62e16\COMCTL32.dll
0x00007ffb000c0000 - 0x00007ffb000e2000 	C:\WINDOWS\System32\win32u.dll
0x00007ffb02270000 - 0x00007ffb0229b000 	C:\WINDOWS\System32\GDI32.dll
0x00007ffb02790000 - 0x00007ffb0282e000 	C:\WINDOWS\System32\msvcrt.dll
0x00007ffb004f0000 - 0x00007ffb00607000 	C:\WINDOWS\System32\gdi32full.dll
0x00007ffb00610000 - 0x00007ffb006ad000 	C:\WINDOWS\System32\msvcp_win.dll
0x00007ffb02630000 - 0x00007ffb0265f000 	C:\WINDOWS\System32\IMM32.DLL
0x000000006ee60000 - 0x000000006ee6c000 	C:\Program Files (x86)\360\Total Security\safemon\SafeWrapper.dll
0x00007ffb021b0000 - 0x00007ffb02261000 	C:\WINDOWS\System32\ADVAPI32.dll
0x00007ffb01ad0000 - 0x00007ffb01b6f000 	C:\WINDOWS\System32\sechost.dll
0x00007ffb022a0000 - 0x00007ffb023c3000 	C:\WINDOWS\System32\RPCRT4.dll
0x00007ffb00740000 - 0x00007ffb00767000 	C:\WINDOWS\System32\bcrypt.dll
0x00007ffae5590000 - 0x00007ffae5622000 	C:\Program Files (x86)\360\Total Security\safemon\libzdtp64.dll
0x00007ffb008a0000 - 0x00007ffb0100d000 	C:\WINDOWS\System32\SHELL32.dll
0x00007ffb025d0000 - 0x00007ffb02625000 	C:\WINDOWS\System32\SHLWAPI.dll
0x00007ffaffa70000 - 0x00007ffaffa7a000 	C:\WINDOWS\SYSTEM32\VERSION.dll
0x00007ffaf5bf0000 - 0x00007ffaf5bfc000 	c:\Users\Hello\.vscode\extensions\redhat.java-1.38.0-win32-x64\jre\17.0.13-win32-x86_64\bin\vcruntime140_1.dll
0x00007ffae5500000 - 0x00007ffae558d000 	c:\Users\Hello\.vscode\extensions\redhat.java-1.38.0-win32-x64\jre\17.0.13-win32-x86_64\bin\msvcp140.dll
0x00007ffa76ba0000 - 0x00007ffa7780b000 	c:\Users\Hello\.vscode\extensions\redhat.java-1.38.0-win32-x64\jre\17.0.13-win32-x86_64\bin\server\jvm.dll
0x00007ffb01b70000 - 0x00007ffb01bdb000 	C:\WINDOWS\System32\WS2_32.dll
0x00007ffaff430000 - 0x00007ffaff47b000 	C:\WINDOWS\SYSTEM32\POWRPROF.dll
0x00007ffaebdc0000 - 0x00007ffaebde7000 	C:\WINDOWS\SYSTEM32\WINMM.dll
0x00007ffaff2a0000 - 0x00007ffaff2b2000 	C:\WINDOWS\SYSTEM32\UMPDC.dll
0x00007ffafdf00000 - 0x00007ffafdf12000 	C:\WINDOWS\SYSTEM32\kernel.appcore.dll
0x00007ffaebd90000 - 0x00007ffaebd9a000 	c:\Users\Hello\.vscode\extensions\redhat.java-1.38.0-win32-x64\jre\17.0.13-win32-x86_64\bin\jimage.dll
0x00007ffafda70000 - 0x00007ffafdc54000 	C:\WINDOWS\SYSTEM32\DBGHELP.DLL
0x00007ffaebf10000 - 0x00007ffaebf44000 	C:\WINDOWS\SYSTEM32\dbgcore.DLL
0x00007ffb006b0000 - 0x00007ffb00732000 	C:\WINDOWS\System32\bcryptPrimitives.dll
0x00007ffaeb770000 - 0x00007ffaeb77e000 	c:\Users\Hello\.vscode\extensions\redhat.java-1.38.0-win32-x64\jre\17.0.13-win32-x86_64\bin\instrument.dll
0x00007ffae70d0000 - 0x00007ffae70f5000 	c:\Users\Hello\.vscode\extensions\redhat.java-1.38.0-win32-x64\jre\17.0.13-win32-x86_64\bin\java.dll
0x00007ffae5650000 - 0x00007ffae5668000 	c:\Users\Hello\.vscode\extensions\redhat.java-1.38.0-win32-x64\jre\17.0.13-win32-x86_64\bin\zip.dll
0x00007ffafdf20000 - 0x00007ffafe6c4000 	C:\WINDOWS\SYSTEM32\windows.storage.dll
0x00007ffb01cb0000 - 0x00007ffb02003000 	C:\WINDOWS\System32\combase.dll
0x00007ffaff8d0000 - 0x00007ffaff8fe000 	C:\WINDOWS\SYSTEM32\Wldp.dll
0x00007ffb01010000 - 0x00007ffb010dd000 	C:\WINDOWS\System32\OLEAUT32.dll
0x00007ffb02100000 - 0x00007ffb021ad000 	C:\WINDOWS\System32\SHCORE.dll
0x00007ffaffe40000 - 0x00007ffaffe64000 	C:\WINDOWS\SYSTEM32\profapi.dll
0x00007ffae5630000 - 0x00007ffae5649000 	C:\Users\Hello\.vscode\extensions\redhat.java-1.38.0-win32-x64\jre\17.0.13-win32-x86_64\bin\net.dll
0x00007ffaf7da0000 - 0x00007ffaf7ead000 	C:\WINDOWS\SYSTEM32\WINHTTP.dll
0x00007ffaff630000 - 0x00007ffaff69a000 	C:\WINDOWS\system32\mswsock.dll
0x00007ffae54e0000 - 0x00007ffae54f6000 	C:\Users\Hello\.vscode\extensions\redhat.java-1.38.0-win32-x64\jre\17.0.13-win32-x86_64\bin\nio.dll
0x00007ffaeb760000 - 0x00007ffaeb770000 	c:\Users\Hello\.vscode\extensions\redhat.java-1.38.0-win32-x64\jre\17.0.13-win32-x86_64\bin\verify.dll
0x00007ffae5440000 - 0x00007ffae5485000 	C:\Users\Hello\AppData\Roaming\Code\User\globalStorage\redhat.java\1.38.0\config_win\org.eclipse.equinox.launcher\org.eclipse.equinox.launcher.win32.win32.x86_64_1.2.1100.v20240722-2106\eclipse_11904.dll
0x00007ffb02660000 - 0x00007ffb0278b000 	C:\WINDOWS\System32\ole32.dll
0x00007ffaff820000 - 0x00007ffaff838000 	C:\WINDOWS\SYSTEM32\CRYPTSP.dll
0x00007ffafeee0000 - 0x00007ffafef14000 	C:\WINDOWS\system32\rsaenh.dll
0x00007ffaffdc0000 - 0x00007ffaffdee000 	C:\WINDOWS\SYSTEM32\USERENV.dll
0x00007ffaff840000 - 0x00007ffaff84c000 	C:\WINDOWS\SYSTEM32\CRYPTBASE.dll
0x00007ffaff2c0000 - 0x00007ffaff2fb000 	C:\WINDOWS\SYSTEM32\IPHLPAPI.DLL
0x00007ffb02010000 - 0x00007ffb02018000 	C:\WINDOWS\System32\NSI.dll
0x00007ffaf92b0000 - 0x00007ffaf92c7000 	C:\WINDOWS\SYSTEM32\dhcpcsvc6.DLL
0x00007ffaf9240000 - 0x00007ffaf925d000 	C:\WINDOWS\SYSTEM32\dhcpcsvc.DLL
0x00007ffaff300000 - 0x00007ffaff3ca000 	C:\WINDOWS\SYSTEM32\DNSAPI.dll
0x00007ffae3bb0000 - 0x00007ffae3bf9000 	C:\Users\Hello\AppData\Local\Temp\jna-69609650\jna13300161671219065036.dll
0x00007ffb00890000 - 0x00007ffb00898000 	C:\WINDOWS\System32\PSAPI.DLL

dbghelp: loaded successfully - version: 4.0.5 - missing functions: none
symbol engine: initialized successfully - sym options: 0x614 - pdb path: .;c:\Users\Hello\.vscode\extensions\redhat.java-1.38.0-win32-x64\jre\17.0.13-win32-x86_64\bin;C:\WINDOWS\SYSTEM32;C:\WINDOWS\WinSxS\amd64_microsoft.windows.common-controls_6595b64144ccf1df_6.0.19041.4355_none_60b8b9eb71f62e16;C:\Program Files (x86)\360\Total Security\safemon;c:\Users\Hello\.vscode\extensions\redhat.java-1.38.0-win32-x64\jre\17.0.13-win32-x86_64\bin\server;C:\Users\Hello\AppData\Roaming\Code\User\globalStorage\redhat.java\1.38.0\config_win\org.eclipse.equinox.launcher\org.eclipse.equinox.launcher.win32.win32.x86_64_1.2.1100.v20240722-2106;C:\Users\Hello\AppData\Local\Temp\jna-69609650

VM Arguments:
jvm_args: --add-modules=ALL-SYSTEM --add-opens=java.base/java.util=ALL-UNNAMED --add-opens=java.base/java.lang=ALL-UNNAMED --add-opens=java.base/sun.nio.fs=ALL-UNNAMED -Declipse.application=org.eclipse.jdt.ls.core.id1 -Dosgi.bundles.defaultStartLevel=4 -Declipse.product=org.eclipse.jdt.ls.core.product -Djava.import.generatesMetadataFilesAtProjectRoot=false -DDetectVMInstallationsJob.disabled=true -Dfile.encoding=utf8 -XX:+UseParallelGC -XX:GCTimeRatio=4 -XX:AdaptiveSizePolicyWeight=90 -Dsun.zip.disableMemoryMapping=true -Xmx1G -Xms100m -Xlog:disable -javaagent:c:\Users\Hello\.vscode\extensions\redhat.java-1.38.0-win32-x64\lombok\lombok-1.18.34.jar -XX:+HeapDumpOnOutOfMemoryError -XX:HeapDumpPath=c:\Users\Hello\AppData\Roaming\Code\User\workspaceStorage\f00198e24cefd6fa2bbb36ad5a338aec\redhat.java -Daether.dependencyCollector.impl=bf 
java_command: c:\Users\Hello\.vscode\extensions\redhat.java-1.38.0-win32-x64\server\plugins\org.eclipse.equinox.launcher_1.6.900.v20240613-2009.jar -configuration c:\Users\Hello\AppData\Roaming\Code\User\globalStorage\redhat.java\1.38.0\config_win -data c:\Users\Hello\AppData\Roaming\Code\User\workspaceStorage\f00198e24cefd6fa2bbb36ad5a338aec\redhat.java\jdt_ws --pipe=\\.\pipe\lsp-11a4e6c1fbb3206787bb6d056fdd6da9-sock
java_class_path (initial): c:\Users\Hello\.vscode\extensions\redhat.java-1.38.0-win32-x64\server\plugins\org.eclipse.equinox.launcher_1.6.900.v20240613-2009.jar
Launcher Type: SUN_STANDARD

[Global flags]
    uintx AdaptiveSizePolicyWeight                 = 90                                        {product} {command line}
     intx CICompilerCount                          = 4                                         {product} {ergonomic}
    uintx GCTimeRatio                              = 4                                         {product} {command line}
     bool HeapDumpOnOutOfMemoryError               = true                                   {manageable} {command line}
    ccstr HeapDumpPath                             = c:\Users\Hello\AppData\Roaming\Code\User\workspaceStorage\f00198e24cefd6fa2bbb36ad5a338aec\redhat.java         {manageable} {command line}
   size_t InitialHeapSize                          = 104857600                                 {product} {command line}
   size_t MaxHeapSize                              = 1073741824                                {product} {command line}
   size_t MaxNewSize                               = 357564416                                 {product} {ergonomic}
   size_t MinHeapDeltaBytes                        = 524288                                    {product} {ergonomic}
   size_t MinHeapSize                              = 104857600                                 {product} {command line}
   size_t NewSize                                  = 34603008                                  {product} {ergonomic}
    uintx NonNMethodCodeHeapSize                   = 5839372                                {pd product} {ergonomic}
    uintx NonProfiledCodeHeapSize                  = 122909434                              {pd product} {ergonomic}
   size_t OldSize                                  = 70254592                                  {product} {ergonomic}
    uintx ProfiledCodeHeapSize                     = 122909434                              {pd product} {ergonomic}
    uintx ReservedCodeCacheSize                    = 251658240                              {pd product} {ergonomic}
     bool SegmentedCodeCache                       = true                                      {product} {ergonomic}
   size_t SoftMaxHeapSize                          = 1073741824                             {manageable} {ergonomic}
     bool UseCompressedClassPointers               = true                           {product lp64_product} {ergonomic}
     bool UseCompressedOops                        = true                           {product lp64_product} {ergonomic}
     bool UseLargePagesIndividualAllocation        = false                                  {pd product} {ergonomic}
     bool UseParallelGC                            = true                                      {product} {command line}

Logging:
Log output configuration:
 #0: stdout all=off uptime,level,tags
 #1: stderr all=off uptime,level,tags

Environment Variables:
PATH=C:\Program Files (x86)\Common Files\Oracle\Java\java8path;C:\Program Files (x86)\Common Files\Oracle\Java\javapath;C:\Program Files (x86)\VMware\VMware Workstation\bin\;C:\Users\Hello\AppData\Local\Programs\Python\Python312;C:\Program Files (x86)\Common Files\Intel\Shared Libraries\redist\intel64\compiler;C:\Windows\system32;C:\Windows;C:\Windows\System32\Wbem;C:\Windows\System32\WindowsPowerShell\v1.0\;C:\Windows\System32\OpenSSH\;C:\Program Files (x86)\NVIDIA Corporation\PhysX\Common;C:\WINDOWS\system32;C:\WINDOWS;C:\WINDOWS\System32\Wbem;C:\WINDOWS\System32\WindowsPowerShell\v1.0\;C:\WINDOWS\System32\OpenSSH\;C:\Program Files\Microsoft SQL Server\120\Tools\Binn\;C:\Program Files\Common Files\Autodesk Shared\;C:\Program Files\Amazon\AWSCLIV2\;C:\Program Files\Git\cmd;C:\ProgramData\chocolatey\bin;C:\terraform_1.9.5_windows_386;;C:\Program Files\NVIDIA Corporation\NVIDIA NvDLISR;C:\Users\Hello\AppData\Local\Programs\Python\Launcher\;C:\Users\Hello\AppData\Local\Programs\Python\Python312\Scripts\;C:\Users\Hello\AppData\Local\Programs\Python\Python312\;C:\Users\Hello\AppData\Local\Microsoft\WindowsApps;C:\Users\Hello\AppData\Local\gitkraken\bin;C:\Program Files\Docker\Docker\resources\bin;C:\Program Files\JetBrains\PyCharm 2024.2.4\bin;;C:\Program Files\JetBrains\PyCharm Community Edition 2024.2.4\bin;;C:\Users\Hello\AppData\Local\Programs\Microsoft VS Code\bin
USERNAME=Hello
OS=Windows_NT
PROCESSOR_IDENTIFIER=Intel64 Family 6 Model 165 Stepping 2, GenuineIntel
TMP=C:\Users\Hello\AppData\Local\Temp
TEMP=C:\Users\Hello\AppData\Local\Temp



Periodic native trim disabled


---------------  S Y S T E M  ---------------

OS:
 Windows 10 , 64 bit Build 19041 (10.0.19041.5198)
OS uptime: 0 days 0:16 hours

CPU: total 12 (initial active 12) (6 cores per cpu, 2 threads per core) family 6 model 165 stepping 2 microcode 0xf0, cx8, cmov, fxsr, ht, mmx, 3dnowpref, sse, sse2, sse3, ssse3, sse4.1, sse4.2, popcnt, lzcnt, tsc, tscinvbit, avx, avx2, aes, erms, clmul, bmi1, bmi2, adx, fma, vzeroupper, clflush, clflushopt
Processor Information for all 12 processors :
  Max Mhz: 2592, Current Mhz: 2592, Mhz Limit: 2592

Memory: 4k page, system-wide physical 16185M (1713M free)
TotalPageFile size 24377M (AvailPageFile size 74M)
current process WorkingSet (physical memory assigned to process): 288M, peak: 289M
current process commit charge ("private bytes"): 350M, peak: 355M

vm_info: OpenJDK 64-Bit Server VM (17.0.13+11) for windows-amd64 JRE (17.0.13+11), built on Oct 16 2024 00:10:08 by "admin" with MS VC++ 17.7 (VS2022)

END.
